1606151942836	geckodriver	INFO	Listening on 127.0.0.1:48319
1606151942843	mozrunner::runner	INFO	Running command: "/usr/bin/firefox" "--marionette" "-foreground" "-no-remote" "-profile" "/tmp/rust_mozprofileOKyxq1"
console.warn: SearchSettings: "get: No settings file exists, new profile?" (new Error("", "(unknown module)"))
1606151956090	Marionette	INFO	Listening on port 43019
1606151956421	Marionette	WARN	TLS certificate errors will be ignored for this session
1606151972736	Marionette	INFO	Stopped listening on port 43019
1606152076931	geckodriver	INFO	Listening on 127.0.0.1:36729
1606152076938	mozrunner::runner	INFO	Running command: "/usr/bin/firefox" "--marionette" "-foreground" "-no-remote" "-profile" "/tmp/rust_mozprofileJ25V8X"
console.warn: SearchSettings: "get: No settings file exists, new profile?" (new Error("", "(unknown module)"))
1606152081388	Marionette	INFO	Listening on port 44269
1606152081509	Marionette	WARN	TLS certificate errors will be ignored for this session
JavaScript error: https://js.wpnsrv.com/pn.php, line 1: SyntaxError: redeclaration of let exoPnSubscriber
JavaScript error: https://js.wpnsrv.com/pn.php, line 1: SyntaxError: redeclaration of let exoPnSubscriber
1606152212145	Marionette	INFO	Stopped listening on port 44269
1606153107641	geckodriver	INFO	Listening on 127.0.0.1:39143
1606153107648	mozrunner::runner	INFO	Running command: "/usr/bin/firefox" "--marionette" "-foreground" "-no-remote" "-profile" "/tmp/rust_mozprofileKunl0Q"
console.warn: SearchSettings: "get: No settings file exists, new profile?" (new Error("", "(unknown module)"))
1606153111913	Marionette	INFO	Listening on port 46221
1606153111995	Marionette	WARN	TLS certificate errors will be ignored for this session
JavaScript error: https://js.wpnsrv.com/pn.php, line 1: SyntaxError: redeclaration of let exoPnSubscriber
1606153215862	Marionette	INFO	Stopped listening on port 46221
1606153221942	geckodriver	INFO	Listening on 127.0.0.1:45389
1606153221949	mozrunner::runner	INFO	Running command: "/usr/bin/firefox" "--marionette" "-foreground" "-no-remote" "-profile" "/tmp/rust_mozprofileOWLPRn"
console.warn: SearchSettings: "get: No settings file exists, new profile?" (new Error("", "(unknown module)"))
1606153226450	Marionette	INFO	Listening on port 41071
1606153226501	Marionette	WARN	TLS certificate errors will be ignored for this session
JavaScript error: https://js.wpnsrv.com/pn.php, line 1: SyntaxError: redeclaration of let exoPnSubscriber
1606153319851	Marionette	INFO	Stopped listening on port 41071
1606153454592	geckodriver	INFO	Listening on 127.0.0.1:37609
1606153454602	mozrunner::runner	INFO	Running command: "/usr/bin/firefox" "--marionette" "-foreground" "-no-remote" "-profile" "/tmp/rust_mozprofileTs8prj"
console.warn: SearchSettings: "get: No settings file exists, new profile?" (new Error("", "(unknown module)"))
1606153460245	Marionette	INFO	Listening on port 35147
1606153460404	Marionette	WARN	TLS certificate errors will be ignored for this session
console.error: Region.jsm: "Error fetching region" (new Error("TIMEOUT", "resource://gre/modules/Region.jsm", 726))
console.error: Region.jsm: "Failed to fetch region" (new Error("TIMEOUT", "resource://gre/modules/Region.jsm", 376))
JavaScript error: https://js.wpnsrv.com/pn.php, line 1: SyntaxError: redeclaration of let exoPnSubscriber
1606153571804	Marionette	INFO	Stopped listening on port 35147
1606153591578	geckodriver	INFO	Listening on 127.0.0.1:58857
1606153591587	mozrunner::runner	INFO	Running command: "/usr/bin/firefox" "--marionette" "-foreground" "-no-remote" "-profile" "/tmp/rust_mozprofile5qTbUq"
console.warn: SearchSettings: "get: No settings file exists, new profile?" (new Error("", "(unknown module)"))
1606153596727	Marionette	INFO	Listening on port 39317
1606153596871	Marionette	WARN	TLS certificate errors will be ignored for this session
JavaScript error: https://js.wpnsrv.com/pn.php, line 1: SyntaxError: redeclaration of let exoPnSubscriber
1606153631819	Marionette	WARN	TimedPromise timed out after 500 ms: stacktrace:
TimedPromise/<@chrome://marionette/content/sync.js:228:19
TimedPromise@chrome://marionette/content/sync.js:213:10
interaction.flushEventLoop@chrome://marionette/content/interaction.js:418:10
webdriverClickElement@chrome://marionette/content/interaction.js:179:31
1606153690772	Marionette	INFO	Stopped listening on port 39317
1606154058150	geckodriver	INFO	Listening on 127.0.0.1:53491
1606154058156	mozrunner::runner	INFO	Running command: "/usr/bin/firefox" "--marionette" "-foreground" "-no-remote" "-profile" "/tmp/rust_mozprofile16QVwi"
console.warn: SearchSettings: "get: No settings file exists, new profile?" (new Error("", "(unknown module)"))
1606154062692	Marionette	INFO	Listening on port 33697
1606154062812	Marionette	WARN	TLS certificate errors will be ignored for this session
JavaScript error: https://js.wpnsrv.com/pn.php, line 1: SyntaxError: redeclaration of let exoPnSubscriber
1606154161442	Marionette	INFO	Stopped listening on port 33697
1606154166801	geckodriver	INFO	Listening on 127.0.0.1:41377
1606154166807	mozrunner::runner	INFO	Running command: "/usr/bin/firefox" "--marionette" "-foreground" "-no-remote" "-profile" "/tmp/rust_mozprofilepKp9Hl"
console.warn: SearchSettings: "get: No settings file exists, new profile?" (new Error("", "(unknown module)"))
1606154171344	Marionette	INFO	Listening on port 36009
1606154171464	Marionette	WARN	TLS certificate errors will be ignored for this session
JavaScript error: https://js.wpnsrv.com/pn.php, line 1: SyntaxError: redeclaration of let exoPnSubscriber
1606154239588	Marionette	INFO	Stopped listening on port 36009
1606154389913	geckodriver	INFO	Listening on 127.0.0.1:32921
1606154389919	mozrunner::runner	INFO	Running command: "/usr/bin/firefox" "--marionette" "-foreground" "-no-remote" "-profile" "/tmp/rust_mozprofile46Yrb3"
console.warn: SearchSettings: "get: No settings file exists, new profile?" (new Error("", "(unknown module)"))
1606154394601	Marionette	INFO	Listening on port 41985
1606154394669	Marionette	WARN	TLS certificate errors will be ignored for this session
JavaScript error: https://js.wpnsrv.com/pn.php, line 1: SyntaxError: redeclaration of let exoPnSubscriber
1606154720905	Marionette	INFO	Stopped listening on port 41985
1606154972830	geckodriver	INFO	Listening on 127.0.0.1:33987
1606154972836	mozrunner::runner	INFO	Running command: "/usr/bin/firefox" "--marionette" "-foreground" "-no-remote" "-profile" "/tmp/rust_mozprofileEmi5qY"
console.warn: SearchSettings: "get: No settings file exists, new profile?" (new Error("", "(unknown module)"))
1606154977525	Marionette	INFO	Listening on port 33865
1606154977634	Marionette	WARN	TLS certificate errors will be ignored for this session
JavaScript error: https://js.wpnsrv.com/pn.php, line 1: SyntaxError: redeclaration of let exoPnSubscriber
IPDL protocol error: Handler returned error code!

###!!! [Parent][DispatchAsyncMessage] Error: PLayerTransaction::Msg_ReleaseLayer Processing error: message was deserialized, but the handler returned false (indicating failure)

IPDL protocol error: Handler returned error code!

###!!! [Parent][DispatchAsyncMessage] Error: PLayerTransaction::Msg_ReleaseLayer Processing error: message was deserialized, but the handler returned false (indicating failure)

1606155053987	Marionette	INFO	Stopped listening on port 33865
1606155133220	geckodriver	INFO	Listening on 127.0.0.1:50611
1606155133227	mozrunner::runner	INFO	Running command: "/usr/bin/firefox" "--marionette" "-foreground" "-no-remote" "-profile" "/tmp/rust_mozprofilea3Ogjs"
console.warn: SearchSettings: "get: No settings file exists, new profile?" (new Error("", "(unknown module)"))
1606155137542	Marionette	INFO	Listening on port 46065
1606155137697	Marionette	WARN	TLS certificate errors will be ignored for this session
JavaScript error: https://js.wpnsrv.com/pn.php, line 1: SyntaxError: redeclaration of let exoPnSubscriber
1606155166121	Marionette	WARN	TimedPromise timed out after 500 ms: stacktrace:
TimedPromise/<@chrome://marionette/content/sync.js:228:19
TimedPromise@chrome://marionette/content/sync.js:213:10
interaction.flushEventLoop@chrome://marionette/content/interaction.js:418:10
webdriverClickElement@chrome://marionette/content/interaction.js:179:31
1606155276634	Marionette	INFO	Stopped listening on port 46065
1606155279045	geckodriver	INFO	Listening on 127.0.0.1:46093
1606155279051	mozrunner::runner	INFO	Running command: "/usr/bin/firefox" "--marionette" "-foreground" "-no-remote" "-profile" "/tmp/rust_mozprofileolDseq"
console.warn: SearchSettings: "get: No settings file exists, new profile?" (new Error("", "(unknown module)"))
1606155283460	Marionette	INFO	Listening on port 37291
1606155283507	Marionette	WARN	TLS certificate errors will be ignored for this session
1606155450902	Marionette	INFO	Stopped listening on port 37291
1606155455470	geckodriver	INFO	Listening on 127.0.0.1:38183
1606155455476	mozrunner::runner	INFO	Running command: "/usr/bin/firefox" "--marionette" "-foreground" "-no-remote" "-profile" "/tmp/rust_mozprofileZH1NKs"
console.warn: SearchSettings: "get: No settings file exists, new profile?" (new Error("", "(unknown module)"))
1606155459980	Marionette	INFO	Listening on port 43133
1606155460040	Marionette	WARN	TLS certificate errors will be ignored for this session
JavaScript error: https://js.wpnsrv.com/pn.php, line 1: SyntaxError: redeclaration of let exoPnSubscriber
1606155509347	Marionette	WARN	TimedPromise timed out after 500 ms: stacktrace:
TimedPromise/<@chrome://marionette/content/sync.js:228:19
TimedPromise@chrome://marionette/content/sync.js:213:10
interaction.flushEventLoop@chrome://marionette/content/interaction.js:418:10
webdriverClickElement@chrome://marionette/content/interaction.js:179:31
1606155577213	Marionette	INFO	Stopped listening on port 43133
1606155578416	geckodriver	INFO	Listening on 127.0.0.1:58531
1606155578423	mozrunner::runner	INFO	Running command: "/usr/bin/firefox" "--marionette" "-foreground" "-no-remote" "-profile" "/tmp/rust_mozprofile5pCKar"
console.warn: SearchSettings: "get: No settings file exists, new profile?" (new Error("", "(unknown module)"))
1606155582699	Marionette	INFO	Listening on port 38523
1606155582777	Marionette	WARN	TLS certificate errors will be ignored for this session
JavaScript error: https://js.wpnsrv.com/pn.php, line 1: SyntaxError: redeclaration of let exoPnSubscriber
1606155656003	Marionette	WARN	TimedPromise timed out after 500 ms: stacktrace:
TimedPromise/<@chrome://marionette/content/sync.js:228:19
TimedPromise@chrome://marionette/content/sync.js:213:10
interaction.flushEventLoop@chrome://marionette/content/interaction.js:418:10
webdriverClickElement@chrome://marionette/content/interaction.js:179:31
1606155656447	Marionette	INFO	Stopped listening on port 38523
1606155699688	geckodriver	INFO	Listening on 127.0.0.1:34731
1606155699694	mozrunner::runner	INFO	Running command: "/usr/bin/firefox" "--marionette" "-foreground" "-no-remote" "-profile" "/tmp/rust_mozprofileh8SSNP"
console.warn: SearchSettings: "get: No settings file exists, new profile?" (new Error("", "(unknown module)"))
1606155704241	Marionette	INFO	Listening on port 39577
1606155704405	Marionette	WARN	TLS certificate errors will be ignored for this session
JavaScript error: https://js.wpnsrv.com/pn.php, line 1: SyntaxError: redeclaration of let exoPnSubscriber
1606155804470	Marionette	INFO	Stopped listening on port 39577
1606155810577	geckodriver	INFO	Listening on 127.0.0.1:34933
1606155810584	mozrunner::runner	INFO	Running command: "/usr/bin/firefox" "--marionette" "-foreground" "-no-remote" "-profile" "/tmp/rust_mozprofileKZXnJ4"
console.warn: SearchSettings: "get: No settings file exists, new profile?" (new Error("", "(unknown module)"))
1606155814988	Marionette	INFO	Listening on port 36093
1606155815119	Marionette	WARN	TLS certificate errors will be ignored for this session
JavaScript error: https://js.wpnsrv.com/pn.php, line 1: SyntaxError: redeclaration of let exoPnSubscriber
SourceActor threw an exception: [Exception... "Component returned failure code: 0x80470002 (NS_BASE_STREAM_CLOSED) [nsIInputStream.available]"  nsresult: "0x80470002 (NS_BASE_STREAM_CLOSED)"  location: "JS frame :: resource://devtools/shared/DevToolsUtils.js :: onResponse :: line 567"  data: no]
Stack: onResponse@resource://devtools/shared/DevToolsUtils.js:567:34
onStopRequest@resource://gre/modules/NetUtil.jsm:128:18
Line: 567, column: 0
console.error: ({})
SourceActor threw an exception: [Exception... "Component returned failure code: 0x80470002 (NS_BASE_STREAM_CLOSED) [nsIInputStream.available]"  nsresult: "0x80470002 (NS_BASE_STREAM_CLOSED)"  location: "JS frame :: resource://devtools/shared/DevToolsUtils.js :: onResponse :: line 567"  data: no]
Stack: onResponse@resource://devtools/shared/DevToolsUtils.js:567:34
onStopRequest@resource://gre/modules/NetUtil.jsm:128:18
Line: 567, column: 0
console.error: ({})
JavaScript error: resource://devtools/shared/DevToolsUtils.js, line 567: NS_BASE_STREAM_CLOSED: Component returned failure code: 0x80470002 (NS_BASE_STREAM_CLOSED) [nsIInputStream.available]
JavaScript error: resource://devtools/shared/DevToolsUtils.js, line 567: NS_BASE_STREAM_CLOSED: Component returned failure code: 0x80470002 (NS_BASE_STREAM_CLOSED) [nsIInputStream.available]
Handler function _httpResponseExaminer threw an exception: TypeError: topFrame.browsingContext is null
Stack: matchRequest@resource://devtools/server/actors/network-monitor/network-observer.js:130:9
_httpResponseExaminer@resource://devtools/server/actors/network-monitor/network-observer.js:454:10
exports.makeInfallible/<@resource://devtools/shared/ThreadSafeDevToolsUtils.js:103:22
Line: 130, column: 9
console.error: (new TypeError("topFrame.browsingContext is null", "resource://devtools/server/actors/network-monitor/network-observer.js", 130))
Handler function _httpResponseExaminer threw an exception: TypeError: topFrame.browsingContext is null
Stack: matchRequest@resource://devtools/server/actors/network-monitor/network-observer.js:130:9
_httpResponseExaminer@resource://devtools/server/actors/network-monitor/network-observer.js:454:10
exports.makeInfallible/<@resource://devtools/shared/ThreadSafeDevToolsUtils.js:103:22
Line: 130, column: 9
console.error: (new TypeError("topFrame.browsingContext is null", "resource://devtools/server/actors/network-monitor/network-observer.js", 130))
Handler function threw an exception: TypeError: topFrame.browsingContext is null
Stack: matchRequest@resource://devtools/server/actors/network-monitor/network-observer.js:130:9
_onRequestHeader@resource://devtools/server/actors/network-monitor/network-observer.js:933:10
NetworkObserver.prototype.observeActivity<@resource://devtools/server/actors/network-monitor/network-observer.js:708:12
exports.makeInfallible/<@resource://devtools/shared/ThreadSafeDevToolsUtils.js:103:22
Line: 130, column: 9
console.error: (new TypeError("topFrame.browsingContext is null", "resource://devtools/server/actors/network-monitor/network-observer.js", 130))
Handler function _httpResponseExaminer threw an exception: TypeError: topFrame.browsingContext is null
Stack: matchRequest@resource://devtools/server/actors/network-monitor/network-observer.js:130:9
_httpResponseExaminer@resource://devtools/server/actors/network-monitor/network-observer.js:454:10
exports.makeInfallible/<@resource://devtools/shared/ThreadSafeDevToolsUtils.js:103:22
Line: 130, column: 9
console.error: (new TypeError("topFrame.browsingContext is null", "resource://devtools/server/actors/network-monitor/network-observer.js", 130))
JavaScript error: https://js.wpnsrv.com/pn.php, line 1: SyntaxError: redeclaration of let exoPnSubscriber
JavaScript error: http://s7.addthis.com/js/300/addthis_widget.js#pubid=ra-5fac0d6152e70f46, line 70: NS_ERROR_NOT_INITIALIZED: 
IPDL protocol error: Handler returned error code!

###!!! [Parent][DispatchAsyncMessage] Error: PLayerTransaction::Msg_ReleaseLayer Processing error: message was deserialized, but the handler returned false (indicating failure)

IPDL protocol error: Handler returned error code!

###!!! [Parent][DispatchAsyncMessage] Error: PLayerTransaction::Msg_ReleaseLayer Processing error: message was deserialized, but the handler returned false (indicating failure)

IPDL protocol error: Handler returned error code!

###!!! [Parent][DispatchAsyncMessage] Error: PLayerTransaction::Msg_ReleaseLayer Processing error: message was deserialized, but the handler returned false (indicating failure)

1606155902105	Marionette	INFO	Stopped listening on port 36093
1606155907878	geckodriver	INFO	Listening on 127.0.0.1:59737
1606155907885	mozrunner::runner	INFO	Running command: "/usr/bin/firefox" "--marionette" "-foreground" "-no-remote" "-profile" "/tmp/rust_mozprofileZdVqYq"
console.warn: SearchSettings: "get: No settings file exists, new profile?" (new Error("", "(unknown module)"))
1606155912468	Marionette	INFO	Listening on port 40045
1606155912559	Marionette	WARN	TLS certificate errors will be ignored for this session
JavaScript error: https://js.wpnsrv.com/pn.php, line 1: SyntaxError: redeclaration of let exoPnSubscriber
1606155943963	Marionette	WARN	TimedPromise timed out after 500 ms: stacktrace:
TimedPromise/<@chrome://marionette/content/sync.js:228:19
TimedPromise@chrome://marionette/content/sync.js:213:10
interaction.flushEventLoop@chrome://marionette/content/interaction.js:418:10
webdriverClickElement@chrome://marionette/content/interaction.js:179:31
1606155944334	Marionette	INFO	Stopped listening on port 40045
1606155949916	geckodriver	INFO	Listening on 127.0.0.1:33083
1606155949923	mozrunner::runner	INFO	Running command: "/usr/bin/firefox" "--marionette" "-foreground" "-no-remote" "-profile" "/tmp/rust_mozprofileZXL6UI"
console.warn: SearchSettings: "get: No settings file exists, new profile?" (new Error("", "(unknown module)"))
1606155954256	Marionette	INFO	Listening on port 45719
1606155954351	Marionette	WARN	TLS certificate errors will be ignored for this session
console.error: Region.jsm: "Error fetching region" (new Error("TIMEOUT", "resource://gre/modules/Region.jsm", 726))
console.error: Region.jsm: "Failed to fetch region" (new Error("TIMEOUT", "resource://gre/modules/Region.jsm", 376))
JavaScript error: https://js.wpnsrv.com/pn.php, line 1: SyntaxError: redeclaration of let exoPnSubscriber
1606156081447	Marionette	INFO	Stopped listening on port 45719
1606156083141	geckodriver	INFO	Listening on 127.0.0.1:42253
1606156083148	mozrunner::runner	INFO	Running command: "/usr/bin/firefox" "--marionette" "-foreground" "-no-remote" "-profile" "/tmp/rust_mozprofilef6h06M"
console.warn: SearchSettings: "get: No settings file exists, new profile?" (new Error("", "(unknown module)"))
1606156087546	Marionette	INFO	Listening on port 40529
1606156087630	Marionette	WARN	TLS certificate errors will be ignored for this session
1606156168236	Marionette	INFO	Stopped listening on port 40529
1606156170421	geckodriver	INFO	Listening on 127.0.0.1:56591
1606156170428	mozrunner::runner	INFO	Running command: "/usr/bin/firefox" "--marionette" "-foreground" "-no-remote" "-profile" "/tmp/rust_mozprofileFwOErj"
console.warn: SearchSettings: "get: No settings file exists, new profile?" (new Error("", "(unknown module)"))
1606156174892	Marionette	INFO	Listening on port 44235
1606156174990	Marionette	WARN	TLS certificate errors will be ignored for this session
JavaScript error: https://js.wpnsrv.com/pn.php, line 1: SyntaxError: redeclaration of let exoPnSubscriber
1606156195901	Marionette	WARN	TimedPromise timed out after 500 ms: stacktrace:
TimedPromise/<@chrome://marionette/content/sync.js:228:19
TimedPromise@chrome://marionette/content/sync.js:213:10
interaction.flushEventLoop@chrome://marionette/content/interaction.js:418:10
webdriverClickElement@chrome://marionette/content/interaction.js:179:31
1606156196342	Marionette	INFO	Stopped listening on port 44235
JavaScript error: resource://gre/modules/UrlClassifierListManager.jsm, line 691: TypeError: this.tablesData[table] is undefined
1606156203477	geckodriver	INFO	Listening on 127.0.0.1:48019
1606156203484	mozrunner::runner	INFO	Running command: "/usr/bin/firefox" "--marionette" "-foreground" "-no-remote" "-profile" "/tmp/rust_mozprofilehDOGSc"
console.warn: SearchSettings: "get: No settings file exists, new profile?" (new Error("", "(unknown module)"))
1606156207932	Marionette	INFO	Listening on port 35485
1606156208052	Marionette	WARN	TLS certificate errors will be ignored for this session
JavaScript error: https://js.wpnsrv.com/pn.php, line 1: SyntaxError: redeclaration of let exoPnSubscriber
1606156267743	Marionette	WARN	TimedPromise timed out after 500 ms: stacktrace:
TimedPromise/<@chrome://marionette/content/sync.js:228:19
TimedPromise@chrome://marionette/content/sync.js:213:10
interaction.flushEventLoop@chrome://marionette/content/interaction.js:418:10
webdriverClickElement@chrome://marionette/content/interaction.js:179:31
1606156268158	Marionette	INFO	Stopped listening on port 35485
1606156517662	geckodriver	INFO	Listening on 127.0.0.1:55529
1606156517669	mozrunner::runner	INFO	Running command: "/usr/bin/firefox" "--marionette" "-foreground" "-no-remote" "-profile" "/tmp/rust_mozprofilePUsP8g"
console.warn: SearchSettings: "get: No settings file exists, new profile?" (new Error("", "(unknown module)"))
1606156522389	Marionette	INFO	Listening on port 38793
1606156522482	Marionette	WARN	TLS certificate errors will be ignored for this session
JavaScript error: https://js.wpnsrv.com/pn.php, line 1: SyntaxError: redeclaration of let exoPnSubscriber
JavaScript error: , line 0: uncaught exception: undefined
1606156552037	Marionette	WARN	TimedPromise timed out after 500 ms: stacktrace:
TimedPromise/<@chrome://marionette/content/sync.js:228:19
TimedPromise@chrome://marionette/content/sync.js:213:10
interaction.flushEventLoop@chrome://marionette/content/interaction.js:418:10
webdriverClickElement@chrome://marionette/content/interaction.js:179:31
1606156552397	Marionette	INFO	Stopped listening on port 38793
1606156761351	geckodriver	INFO	Listening on 127.0.0.1:55685
1606156761358	mozrunner::runner	INFO	Running command: "/usr/bin/firefox" "--marionette" "-foreground" "-no-remote" "-profile" "/tmp/rust_mozprofile78u087"
console.warn: SearchSettings: "get: No settings file exists, new profile?" (new Error("", "(unknown module)"))
1606156765888	Marionette	INFO	Listening on port 44031
1606156766026	Marionette	WARN	TLS certificate errors will be ignored for this session
1606156817104	Marionette	WARN	TimedPromise timed out after 500 ms: stacktrace:
TimedPromise/<@chrome://marionette/content/sync.js:228:19
TimedPromise@chrome://marionette/content/sync.js:213:10
interaction.flushEventLoop@chrome://marionette/content/interaction.js:418:10
webdriverClickElement@chrome://marionette/content/interaction.js:179:31
1606156817473	Marionette	INFO	Stopped listening on port 44031
1606156824467	geckodriver	INFO	Listening on 127.0.0.1:42273
1606156824474	mozrunner::runner	INFO	Running command: "/usr/bin/firefox" "--marionette" "-foreground" "-no-remote" "-profile" "/tmp/rust_mozprofileh9BEgM"
console.warn: SearchSettings: "get: No settings file exists, new profile?" (new Error("", "(unknown module)"))
1606156828929	Marionette	INFO	Listening on port 37529
1606156829068	Marionette	WARN	TLS certificate errors will be ignored for this session
JavaScript error: https://js.wpnsrv.com/pn.php, line 1: SyntaxError: redeclaration of let exoPnSubscriber
1606156888347	Marionette	WARN	TimedPromise timed out after 500 ms: stacktrace:
TimedPromise/<@chrome://marionette/content/sync.js:228:19
TimedPromise@chrome://marionette/content/sync.js:213:10
interaction.flushEventLoop@chrome://marionette/content/interaction.js:418:10
webdriverClickElement@chrome://marionette/content/interaction.js:179:31
1606156888851	Marionette	INFO	Stopped listening on port 37529
1606156924328	geckodriver	INFO	Listening on 127.0.0.1:59437
1606156924335	mozrunner::runner	INFO	Running command: "/usr/bin/firefox" "--marionette" "-foreground" "-no-remote" "-profile" "/tmp/rust_mozprofilevhMVPw"
console.warn: SearchSettings: "get: No settings file exists, new profile?" (new Error("", "(unknown module)"))
1606156929138	Marionette	INFO	Listening on port 44639
1606156929208	Marionette	WARN	TLS certificate errors will be ignored for this session
JavaScript error: https://js.wpnsrv.com/pn.php, line 1: SyntaxError: redeclaration of let exoPnSubscriber
1606156967050	Marionette	WARN	TimedPromise timed out after 500 ms: stacktrace:
TimedPromise/<@chrome://marionette/content/sync.js:228:19
TimedPromise@chrome://marionette/content/sync.js:213:10
interaction.flushEventLoop@chrome://marionette/content/interaction.js:418:10
webdriverClickElement@chrome://marionette/content/interaction.js:179:31
1606156967459	Marionette	INFO	Stopped listening on port 44639
1606156968585	geckodriver	INFO	Listening on 127.0.0.1:45251
1606156968589	mozrunner::runner	INFO	Running command: "/usr/bin/firefox" "--marionette" "-foreground" "-no-remote" "-profile" "/tmp/rust_mozprofileoj6uFm"
console.warn: SearchSettings: "get: No settings file exists, new profile?" (new Error("", "(unknown module)"))
1606156973088	Marionette	INFO	Listening on port 35529
1606156973333	Marionette	WARN	TLS certificate errors will be ignored for this session
JavaScript error: https://js.wpnsrv.com/pn.php, line 1: SyntaxError: redeclaration of let exoPnSubscriber
1606157005122	Marionette	INFO	Stopped listening on port 35529
JavaScript error: resource://gre/modules/UrlClassifierListManager.jsm, line 691: TypeError: this.tablesData[table] is undefined
IPDL protocol error: Handler returned error code!

###!!! [Parent][DispatchAsyncMessage] Error: PLayerTransaction::Msg_ReleaseLayer Processing error: message was deserialized, but the handler returned false (indicating failure)

IPDL protocol error: Handler returned error code!

###!!! [Parent][DispatchAsyncMessage] Error: PLayerTransaction::Msg_ReleaseLayer Processing error: message was deserialized, but the handler returned false (indicating failure)

1606157006763	geckodriver	INFO	Listening on 127.0.0.1:41717
1606157006767	mozrunner::runner	INFO	Running command: "/usr/bin/firefox" "--marionette" "-foreground" "-no-remote" "-profile" "/tmp/rust_mozprofiletl9sv8"
console.warn: SearchSettings: "get: No settings file exists, new profile?" (new Error("", "(unknown module)"))
1606157011286	Marionette	INFO	Listening on port 40227
1606157011423	Marionette	WARN	TLS certificate errors will be ignored for this session
JavaScript error: https://js.wpnsrv.com/pn.php, line 1: SyntaxError: redeclaration of let exoPnSubscriber
1606157044556	Marionette	WARN	TimedPromise timed out after 500 ms: stacktrace:
TimedPromise/<@chrome://marionette/content/sync.js:228:19
TimedPromise@chrome://marionette/content/sync.js:213:10
interaction.flushEventLoop@chrome://marionette/content/interaction.js:418:10
webdriverClickElement@chrome://marionette/content/interaction.js:179:31
1606157044928	Marionette	INFO	Stopped listening on port 40227
1606157045978	geckodriver	INFO	Listening on 127.0.0.1:38197
1606157045982	mozrunner::runner	INFO	Running command: "/usr/bin/firefox" "--marionette" "-foreground" "-no-remote" "-profile" "/tmp/rust_mozprofiletTCsM7"
console.warn: SearchSettings: "get: No settings file exists, new profile?" (new Error("", "(unknown module)"))
1606157052114	Marionette	INFO	Listening on port 34987
1606157052240	Marionette	WARN	TLS certificate errors will be ignored for this session
1606157091058	Marionette	WARN	TimedPromise timed out after 500 ms: stacktrace:
TimedPromise/<@chrome://marionette/content/sync.js:228:19
TimedPromise@chrome://marionette/content/sync.js:213:10
interaction.flushEventLoop@chrome://marionette/content/interaction.js:418:10
webdriverClickElement@chrome://marionette/content/interaction.js:179:31
JavaScript error: , line 0: uncaught exception: undefined
1606157091369	Marionette	INFO	Stopped listening on port 34987
1606157092480	geckodriver	INFO	Listening on 127.0.0.1:41097
1606157093485	mozrunner::runner	INFO	Running command: "/usr/bin/firefox" "--marionette" "-foreground" "-no-remote" "-profile" "/tmp/rust_mozprofileTpO7dW"
console.warn: SearchSettings: "get: No settings file exists, new profile?" (new Error("", "(unknown module)"))
1606157099638	Marionette	INFO	Listening on port 33257
1606157099755	Marionette	WARN	TLS certificate errors will be ignored for this session
JavaScript error: https://js.wpnsrv.com/pn.php, line 1: SyntaxError: redeclaration of let exoPnSubscriber
Exiting due to channel error.
Exiting due to channel error.
Exiting due to channel error.
1606157962459	geckodriver	INFO	Listening on 127.0.0.1:52905
1606157962465	mozrunner::runner	INFO	Running command: "/usr/bin/firefox" "--marionette" "-foreground" "-no-remote" "-profile" "/tmp/rust_mozprofilesRh4D3"
console.warn: SearchSettings: "get: No settings file exists, new profile?" (new Error("", "(unknown module)"))
1606157966889	Marionette	INFO	Listening on port 42843
1606157966943	Marionette	WARN	TLS certificate errors will be ignored for this session
JavaScript error: https://js.wpnsrv.com/pn.php, line 1: SyntaxError: redeclaration of let exoPnSubscriber
1606158027708	Marionette	INFO	Stopped listening on port 42843
1606158098813	geckodriver	INFO	Listening on 127.0.0.1:52207
1606158098822	mozrunner::runner	INFO	Running command: "/usr/bin/firefox" "--marionette" "-foreground" "-no-remote" "-profile" "/tmp/rust_mozprofilempAzIB"
console.warn: SearchSettings: "get: No settings file exists, new profile?" (new Error("", "(unknown module)"))
1606158105263	Marionette	INFO	Listening on port 40589
1606158105588	Marionette	WARN	TLS certificate errors will be ignored for this session
console.error: Region.jsm: "Error fetching region" (new Error("TIMEOUT", "resource://gre/modules/Region.jsm", 726))
console.error: Region.jsm: "Failed to fetch region" (new Error("TIMEOUT", "resource://gre/modules/Region.jsm", 376))
IPDL protocol error: Handler returned error code!

###!!! [Parent][DispatchAsyncMessage] Error: PLayerTransaction::Msg_ReleaseLayer Processing error: message was deserialized, but the handler returned false (indicating failure)

IPDL protocol error: Handler returned error code!

###!!! [Parent][DispatchAsyncMessage] Error: PLayerTransaction::Msg_ReleaseLayer Processing error: message was deserialized, but the handler returned false (indicating failure)

1606158220417	Marionette	INFO	Stopped listening on port 40589
1606158224668	geckodriver	INFO	Listening on 127.0.0.1:40403
1606158224674	mozrunner::runner	INFO	Running command: "/usr/bin/firefox" "--marionette" "-foreground" "-no-remote" "-profile" "/tmp/rust_mozprofileKov4mr"
console.warn: SearchSettings: "get: No settings file exists, new profile?" (new Error("", "(unknown module)"))
1606158228892	Marionette	INFO	Listening on port 35885
1606158229030	Marionette	WARN	TLS certificate errors will be ignored for this session
JavaScript error: https://js.wpnsrv.com/pn.php, line 1: SyntaxError: redeclaration of let exoPnSubscriber
1606158311471	Marionette	INFO	Stopped listening on port 35885
IPDL protocol error: Handler returned error code!

###!!! [Parent][DispatchAsyncMessage] Error: PLayerTransaction::Msg_ReleaseLayer Processing error: message was deserialized, but the handler returned false (indicating failure)

IPDL protocol error: Handler returned error code!

###!!! [Parent][DispatchAsyncMessage] Error: PLayerTransaction::Msg_ReleaseLayer Processing error: message was deserialized, but the handler returned false (indicating failure)

1606158313751	geckodriver	INFO	Listening on 127.0.0.1:33145
1606158313756	mozrunner::runner	INFO	Running command: "/usr/bin/firefox" "--marionette" "-foreground" "-no-remote" "-profile" "/tmp/rust_mozprofileGNFb8p"
console.warn: SearchSettings: "get: No settings file exists, new profile?" (new Error("", "(unknown module)"))
1606158317820	Marionette	INFO	Listening on port 45771
1606158317909	Marionette	WARN	TLS certificate errors will be ignored for this session
JavaScript error: https://js.wpnsrv.com/pn.php, line 1: SyntaxError: redeclaration of let exoPnSubscriber
1606158375799	Marionette	INFO	Stopped listening on port 45771
IPDL protocol error: Handler returned error code!

###!!! [Parent][DispatchAsyncMessage] Error: PLayerTransaction::Msg_ReleaseLayer Processing error: message was deserialized, but the handler returned false (indicating failure)

1606158376923	geckodriver	INFO	Listening on 127.0.0.1:33709
1606158376927	mozrunner::runner	INFO	Running command: "/usr/bin/firefox" "--marionette" "-foreground" "-no-remote" "-profile" "/tmp/rust_mozprofileMZLC7x"
console.warn: SearchSettings: "get: No settings file exists, new profile?" (new Error("", "(unknown module)"))
1606158381277	Marionette	INFO	Listening on port 38725
1606158381380	Marionette	WARN	TLS certificate errors will be ignored for this session
console.warn: services.settings: main/message-groups sync interrupted by shutdown
console.warn: services.settings: main/partitioning-exempt-urls sync interrupted by shutdown
1606158385801	Marionette	INFO	Stopped listening on port 38725
